SIMAN Run Controller.

0.53195692 Hours>
                                      ARENA Simulation Results
                                   Regulo A - License: 7328734345

                                  Summary for Replication 1 of 1

Project: Unnamed Project                                             Run execution date :10/27/2016
Analyst: Rockwell Automation                                         Model revision date:10/27/2016

Replication ended at time      : 0.53195692 Hours 
Base Time Units: Hours

                                           TALLY VARIABLES

Identifier                                  Average   Half Width  Minimum    Maximum   Observations
___________________________________________________________________________________________________

Entity 1.VATime                             .03565     (Insuf)    .03076     .04545         14    
Entity 1.NVATime                            .00000     (Insuf)    .00000     .00000         14    
Entity 1.WaitTime                           .17688     (Insuf)    .00000     .31765         14    
Entity 1.TranTime                           .00000     (Insuf)    .00000     .00000         14    
Entity 1.OtherTime                          .00000     (Insuf)    .00000     .00000         14    
Entity 1.TotalTime                          .21253     (Insuf)    .03757     .34842         14    
Process 1.Queue.WaitingTime                 .18483     (Insuf)    .00000     .31765         15    

                                     DISCRETE-CHANGE VARIABLES

Identifier                                  Average   Half Width  Minimum    Maximum   Final Value
___________________________________________________________________________________________________

Entity 1.WIP                                11.374     (Insuf)    .00000     17.000     17.000    
Resource 1.NumberBusy                       1.0000     (Insuf)    .00000     1.0000     1.0000    
Resource 1.NumberScheduled                  1.0000     (Insuf)    1.0000     1.0000     1.0000    
Resource 1.Utilization                      1.0000     (Insuf)    .00000     1.0000     1.0000    
Process 1.Queue.NumberInQueue               10.374     (Insuf)    .00000     16.000     16.000    

                                             OUTPUTS

Identifier                                   Value
_____________________________________________________________

Entity 1.NumberIn                           31.000    
Entity 1.NumberOut                          14.000    
Resource 1.NumberSeized                     15.000    
Resource 1.ScheduledUtilization             1.0000    
System.NumberOut                            14.000    


Simulation run time: 0.58 minutes.
Simulation run complete.
