SIMAN Run Controller.

91840.0 Hours>
                                      ARENA Simulation Results
                                   Regulo A - License: 7328734345

                                  Summary for Replication 1 of 1

Project: Unnamed Project                                             Run execution date :10/18/2016
Analyst: Rockwell Automation                                         Model revision date:10/18/2016

Replication ended at time      : 91840.0 Hours 
Base Time Units: Hours

                                           TALLY VARIABLES

Identifier                                  Average   Half Width  Minimum    Maximum   Observations
___________________________________________________________________________________________________

Entity 1.VATime                                 --         --         --         --          0
Entity 1.NVATime                                --         --         --         --          0
Entity 1.WaitTime                               --         --         --         --          0
Entity 1.TranTime                               --         --         --         --          0
Entity 1.OtherTime                              --         --         --         --          0
Entity 1.TotalTime                              --         --         --         --          0
Process 1.Queue.WaitingTime                 4.9994     (Corr)     .00000     5.0000       9184    
Process 2.Queue.WaitingTime                 5.0000     .00000     5.0000     5.0000       9184    

                                     DISCRETE-CHANGE VARIABLES

Identifier                                  Average   Half Width  Minimum    Maximum   Final Value
___________________________________________________________________________________________________

Entity 1.WIP                                2.0000     (Insuf)    .00000     2.0000     2.0000    
Resource 1.NumberBusy                       1.0000     (Insuf)    .00000     1.0000     1.0000    
Resource 1.NumberScheduled                  1.0000     (Insuf)    1.0000     1.0000     1.0000    
Resource 1.Utilization                      1.0000     (Insuf)    .00000     1.0000     1.0000    
Process 1.Queue.NumberInQueue               .50000     (Corr)     .00000     1.0000     1.0000    
Process 2.Queue.NumberInQueue               .50000     (Corr)     .00000     1.0000     .00000    

                                             OUTPUTS

Identifier                                   Value
_____________________________________________________________

Entity 1.NumberIn                           2.0000    
Entity 1.NumberOut                          .00000    
Resource 1.NumberSeized                     18368.    
Resource 1.ScheduledUtilization             1.0000    
System.NumberOut                            .00000    


Simulation run time: 0.27 minutes.
Simulation run complete.
